# JRE version: OpenJDK Runtime Environment Temurin-17.0.1+12 (17.0.1+12) (build 17.0.1+12)
# Java VM: OpenJDK 64-Bit Server VM Temurin-17.0.1+12 (17.0.1+12, mixed mode, tiered, compressed oops, compressed class ptrs, g1 gc, windows-amd64)
GC Precious Log:
 CPUs: 8 total, 8 available
 Memory: 8107M
 Large Page Support: Disabled
 NUMA Support: Disabled
 Compressed Oops: Enabled (32-bit)
 Heap Region Size: 1M
 Heap Min Capacity: 8M
 Heap Initial Capacity: 128M
 Heap Max Capacity: 2028M
 Pre-touch: Disabled
 Parallel Workers: 8
 Concurrent Workers: 2
 Concurrent Refinement Workers: 8
 Periodic GC: Disabled
Heap:
 garbage-first heap   total 254976K, used 155617K [0x0000000081400000, 0x0000000100000000)
  region size 1024K, 124 young (126976K), 1 survivors (1024K)
 Metaspace       used 73009K, committed 73408K, reserved 1114112K
  class space    used 8972K, committed 9152K, reserved 1048576K
GC Heap History (20 events):
Event: 2004.647 GC heap before
{Heap before GC invocations=125 (full 0):
 garbage-first heap   total 254976K, used 182112K [0x0000000081400000, 0x0000000100000000)
  region size 1024K, 149 young (152576K), 1 survivors (1024K)
 Metaspace       used 73008K, committed 73408K, reserved 1114112K
  class space    used 8971K, committed 9152K, reserved 1048576K
}
Event: 2004.649 GC heap after
{Heap after GC invocations=126 (full 0):
 garbage-first heap   total 254976K, used 31584K [0x0000000081400000, 0x0000000100000000)
  region size 1024K, 1 young (1024K), 1 survivors (1024K)
 Metaspace       used 73008K, committed 73408K, reserved 1114112K
  class space    used 8971K, committed 9152K, reserved 1048576K
}
Event: 2007.071 GC heap before
{Heap before GC invocations=126 (full 0):
 garbage-first heap   total 254976K, used 182112K [0x0000000081400000, 0x0000000100000000)
  region size 1024K, 149 young (152576K), 1 survivors (1024K)
 Metaspace       used 73008K, committed 73408K, reserved 1114112K
  class space    used 8971K, committed 9152K, reserved 1048576K
}
Event: 2007.072 GC heap after
{Heap after GC invocations=127 (full 0):
 garbage-first heap   total 254976K, used 31582K [0x0000000081400000, 0x0000000100000000)
  region size 1024K, 1 young (1024K), 1 survivors (1024K)
 Metaspace       used 73008K, committed 73408K, reserved 1114112K
  class space    used 8971K, committed 9152K, reserved 1048576K
}
Event: 2008.367 GC heap before
{Heap before GC invocations=127 (full 0):
 garbage-first heap   total 254976K, used 182110K [0x0000000081400000, 0x0000000100000000)
  region size 1024K, 149 young (152576K), 1 survivors (1024K)
 Metaspace       used 73008K, committed 73408K, reserved 1114112K
  class space    used 8971K, committed 9152K, reserved 1048576K
}
Event: 2008.368 GC heap after
{Heap after GC invocations=128 (full 0):
 garbage-first heap   total 254976K, used 31699K [0x0000000081400000, 0x0000000100000000)
  region size 1024K, 1 young (1024K), 1 survivors (1024K)
 Metaspace       used 73008K, committed 73408K, reserved 1114112K
  class space    used 8971K, committed 9152K, reserved 1048576K
}
Event: 2010.065 GC heap before
{Heap before GC invocations=128 (full 0):
 garbage-first heap   total 254976K, used 182227K [0x0000000081400000, 0x0000000100000000)
  region size 1024K, 149 young (152576K), 1 survivors (1024K)
 Metaspace       used 73008K, committed 73408K, reserved 1114112K
  class space    used 8971K, committed 9152K, reserved 1048576K
}
Event: 2010.066 GC heap after
{Heap after GC invocations=129 (full 0):
 garbage-first heap   total 254976K, used 31582K [0x0000000081400000, 0x0000000100000000)
  region size 1024K, 1 young (1024K), 1 survivors (1024K)
 Metaspace       used 73008K, committed 73408K, reserved 1114112K
  class space    used 8971K, committed 9152K, reserved 1048576K
}
Event: 2013.860 GC heap before
{Heap before GC invocations=129 (full 0):
 garbage-first heap   total 254976K, used 182110K [0x0000000081400000, 0x0000000100000000)
  region size 1024K, 149 young (152576K), 1 survivors (1024K)
 Metaspace       used 73008K, committed 73408K, reserved 1114112K
  class space    used 8971K, committed 9152K, reserved 1048576K
}
Event: 2013.862 GC heap after
{Heap after GC invocations=130 (full 0):
 garbage-first heap   total 254976K, used 31699K [0x0000000081400000, 0x0000000100000000)
  region size 1024K, 1 young (1024K), 1 survivors (1024K)
 Metaspace       used 73008K, committed 73408K, reserved 1114112K
  class space    used 8971K, committed 9152K, reserved 1048576K
}
Event: 2016.073 GC heap before
{Heap before GC invocations=130 (full 0):
 garbage-first heap   total 254976K, used 182227K [0x0000000081400000, 0x0000000100000000)
  region size 1024K, 149 young (152576K), 1 survivors (1024K)
 Metaspace       used 73008K, committed 73408K, reserved 1114112K
  class space    used 8971K, committed 9152K, reserved 1048576K
}
Event: 2016.127 GC heap after
{Heap after GC invocations=131 (full 0):
 garbage-first heap   total 254976K, used 31589K [0x0000000081400000, 0x0000000100000000)
  region size 1024K, 1 young (1024K), 1 survivors (1024K)
 Metaspace       used 73008K, committed 73408K, reserved 1114112K
  class space    used 8971K, committed 9152K, reserved 1048576K
}
Event: 2018.730 GC heap before
{Heap before GC invocations=131 (full 0):
 garbage-first heap   total 254976K, used 182117K [0x0000000081400000, 0x0000000100000000)
  region size 1024K, 149 young (152576K), 1 survivors (1024K)
 Metaspace       used 73008K, committed 73408K, reserved 1114112K
  class space    used 8971K, committed 9152K, reserved 1048576K
}
Event: 2018.732 GC heap after
{Heap after GC invocations=132 (full 0):
 garbage-first heap   total 254976K, used 31707K [0x0000000081400000, 0x0000000100000000)
  region size 1024K, 1 young (1024K), 1 survivors (1024K)
 Metaspace       used 73008K, committed 73408K, reserved 1114112K
  class space    used 8971K, committed 9152K, reserved 1048576K
}
Event: 2024.374 GC heap before
{Heap before GC invocations=132 (full 0):
 garbage-first heap   total 254976K, used 182235K [0x0000000081400000, 0x0000000100000000)
  region size 1024K, 149 young (152576K), 1 survivors (1024K)
 Metaspace       used 73008K, committed 73408K, reserved 1114112K
  class space    used 8971K, committed 9152K, reserved 1048576K
}
Event: 2024.376 GC heap after
{Heap after GC invocations=133 (full 0):
 garbage-first heap   total 254976K, used 31701K [0x0000000081400000, 0x0000000100000000)
  region size 1024K, 1 young (1024K), 1 survivors (1024K)
 Metaspace       used 73008K, committed 73408K, reserved 1114112K
  class space    used 8971K, committed 9152K, reserved 1048576K
}
Event: 2028.336 GC heap before
{Heap before GC invocations=133 (full 0):
 garbage-first heap   total 254976K, used 182229K [0x0000000081400000, 0x0000000100000000)
  region size 1024K, 149 young (152576K), 1 survivors (1024K)
 Metaspace       used 73008K, committed 73408K, reserved 1114112K
  class space    used 8971K, committed 9152K, reserved 1048576K
}
Event: 2028.338 GC heap after
{Heap after GC invocations=134 (full 0):
 garbage-first heap   total 254976K, used 31587K [0x0000000081400000, 0x0000000100000000)
  region size 1024K, 1 young (1024K), 1 survivors (1024K)
 Metaspace       used 73008K, committed 73408K, reserved 1114112K
  class space    used 8971K, committed 9152K, reserved 1048576K
}
Event: 2030.639 GC heap before
{Heap before GC invocations=134 (full 0):
 garbage-first heap   total 254976K, used 182115K [0x0000000081400000, 0x0000000100000000)
  region size 1024K, 149 young (152576K), 1 survivors (1024K)
 Metaspace       used 73009K, committed 73408K, reserved 1114112K
  class space    used 8972K, committed 9152K, reserved 1048576K
}
Event: 2030.661 GC heap after
{Heap after GC invocations=135 (full 0):
 garbage-first heap   total 254976K, used 31713K [0x0000000081400000, 0x0000000100000000)
  region size 1024K, 1 young (1024K), 1 survivors (1024K)
 Metaspace       used 73009K, committed 73408K, reserved 1114112K
  class space    used 8972K, committed 9152K, reserved 1048576K
}

